PRIMEIRO DÍGITO DO CPF 78945612345 INVALIDO - 2023-01-12 21:24:01.237833
ENTRADA DO USUARIO 553838 INVALIDA - 2023-01-12 21:26:57.821973
ENTRADA DO USUARIO EFSEFEFS INVALIDA - 2023-01-12 21:27:03.597931
ENTRADA DO USUARIO 5153133 INVALIDA - 2023-01-12 21:38:22.213426
ENTRADA DO USUARIO asdf INVALIDA - 2023-01-12 21:38:47.269373
SEGUNDO DÍGITO DO CPF 11144477734 INVALIDO - 2023-01-12 21:39:08.005169
ENTRADA DO USUARIO 555 INVALIDA - 2023-01-16 19:54:20.736438
ENTRADA DO USUARIO 99999999999 INVALIDA - 2023-01-16 22:02:33.602201
CPF 55555555555 INVALIDO (DÍGITOS IGUAIS) - 2023-01-17 19:07:53.878461
ENTRADA DO USUARIO 920035351 INVALIDA - 2023-01-19 20:33:58.227817
92006299034 - NÚMERO DE DÍGITOS INVÁLIDO. 11 (NECESSÁRIO 11) - 24/01/2023 21:29:20
92006299034 - NÚMERO DE DÍGITOS INVÁLIDO. 11 (NECESSÁRIO 11) - 24/01/2023 21:29:20
9883 - NÚMERO DE DÍGITOS INVÁLIDO. 4 (NECESSÁRIO 11) - 24/01/2023 21:46:58
14258796325 - SEGUNDO DIGITO VERIFICADOR INVÁLIDO - 25/01/2023 09:28:53
35957985145 - PRIMEIRO DIGITO VERIFICADOR INVÁLIDO - 25/01/2023 09:31:24
555 - NÚMERO DE DÍGITOS INVÁLIDO. 3 (NECESSÁRIO 11) - 25/01/2023 14:13:34
1535874941d - CARACTERES INVÁLIDOS. ENTRE APENAS NÚMEROS - 25/01/2023 14:13:34
92053585477 - PRIMEIRO DIGITO VERIFICADOR INVÁLIDO - 25/01/2023 14:13:34
ddd - NÚMERO DE DÍGITOS INVÁLIDO. 3 (NECESSÁRIO 11) - 25/01/2023 14:25:25
dd - NÚMERO DE DÍGITOS INVÁLIDO. 2 (NECESSÁRIO 11) - 25/01/2023 14:26:22
ddd - NÚMERO DE DÍGITOS INVÁLIDO. 3 (NECESSÁRIO 11) - 25/01/2023 14:28:51
ddd - NÚMERO DE DÍGITOS INVÁLIDO. 3 (NECESSÁRIO 11) - 25/01/2023 15:46:35
ddd - NÚMERO DE DÍGITOS INVÁLIDO. 3 (NECESSÁRIO 11) - 25/01/2023 15:50:18
23254685798 - PRIMEIRO DIGITO VERIFICADOR INVÁLIDO - 25/01/2023 15:50:18
ddd - NÚMERO DE DÍGITOS INVÁLIDO. 3 (NECESSÁRIO 11) - 25/01/2023 15:52:50
ddd - NÚMERO DE DÍGITOS INVÁLIDO. 3 (NECESSÁRIO 11) - 25/01/2023 15:57:02
383184 - NÚMERO DE DÍGITOS INVÁLIDO. 6 (NECESSÁRIO 11) - 25/01/2023 16:01:33
23587415978 - PRIMEIRO DIGITO VERIFICADOR INVÁLIDO - 25/01/2023 16:01:33
555 - NÚMERO DE DÍGITOS INVÁLIDO. 3 (NECESSÁRIO 11) - 25/01/2023 17:09:32
555 - NÚMERO DE DÍGITOS INVÁLIDO. 3 (NECESSÁRIO 11) - 25/01/2023 17:09:32
dddee - NÚMERO DE DÍGITOS INVÁLIDO. 5 (NECESSÁRIO 11) - 25/01/2023 17:09:32
5555 - NÚMERO DE DÍGITOS INVÁLIDO. 4 (NECESSÁRIO 11) - 25/01/2023 17:17:11
555 - NÚMERO DE DÍGITOS INVÁLIDO. 3 (NECESSÁRIO 11) - 25/01/2023 17:17:11
ddd - NÚMERO DE DÍGITOS INVÁLIDO. 3 (NECESSÁRIO 11) - 25/01/2023 17:17:11
ddd - NÚMERO DE DÍGITOS INVÁLIDO. 3 (NECESSÁRIO 11) - 25/01/2023 17:17:11
deeee - NÚMERO DE DÍGITOS INVÁLIDO. 5 (NECESSÁRIO 11) - 25/01/2023 17:17:11
dddd - NÚMERO DE DÍGITOS INVÁLIDO. 4 (NECESSÁRIO 11) - 25/01/2023 17:28:14
555 - NÚMERO DE DÍGITOS INVÁLIDO. 3 (NECESSÁRIO 11) - 25/01/2023 17:28:14
dddd - NÚMERO DE DÍGITOS INVÁLIDO. 4 (NECESSÁRIO 11) - 25/01/2023 17:28:14
dddddd - NÚMERO DE DÍGITOS INVÁLIDO. 6 (NECESSÁRIO 11) - 25/01/2023 17:28:14
ddddd - NÚMERO DE DÍGITOS INVÁLIDO. 5 (NECESSÁRIO 11) - 25/01/2023 17:28:14
eeee - NÚMERO DE DÍGITOS INVÁLIDO. 4 (NECESSÁRIO 11) - 25/01/2023 17:28:14
cdddd - NÚMERO DE DÍGITOS INVÁLIDO. 5 (NECESSÁRIO 11) - 25/01/2023 17:28:14
55555 - NÚMERO DE DÍGITOS INVÁLIDO. 5 (NECESSÁRIO 11) - 25/01/2023 17:28:14
78945612378 - PRIMEIRO DIGITO VERIFICADOR INVÁLIDO - 25/01/2023 17:28:14
11144477755 - PRIMEIRO DIGITO VERIFICADOR INVÁLIDO - 25/01/2023 17:42:45
dfef - CARACTERES INVÁLIDOS. ENTRE APENAS NÚMEROS - 25/01/2023 17:42:45
558853418434688 - NÚMERO DE DÍGITOS INVÁLIDO. 15 (NECESSÁRIO 11) - 25/01/2023 17:42:45
53868 - NÚMERO DE DÍGITOS INVÁLIDO. 5 (NECESSÁRIO 11) - 25/01/2023 20:20:35
513818 - NÚMERO DE DÍGITOS INVÁLIDO. 6 (NECESSÁRIO 11) - 25/01/2023 20:59:26
dfefef - CARACTERES INVÁLIDOS. ENTRE APENAS NÚMEROS - 25/01/2023 20:59:26
fef51351ef - CARACTERES INVÁLIDOS. ENTRE APENAS NÚMEROS - 25/01/2023 20:59:26
5138181, - CARACTERES INVÁLIDOS. ENTRE APENAS NÚMEROS - 25/01/2023 20:59:26
513 8181 - CARACTERES INVÁLIDOS. ENTRE APENAS NÚMEROS - 25/01/2023 20:59:26
5335813 - NÚMERO DE DÍGITOS INVÁLIDO. 7 (NECESSÁRIO 11) - 25/01/2023 20:59:26
138164 - NÚMERO DE DÍGITOS INVÁLIDO. 6 (NECESSÁRIO 11) - 25/01/2023 21:50:12
dfsef - CARACTERES INVÁLIDOS. ENTRE APENAS NÚMEROS - 25/01/2023 21:50:12
51681681e - CARACTERES INVÁLIDOS. ENTRE APENAS NÚMEROS - 25/01/2023 21:50:12
12345678941 - PRIMEIRO DIGITO VERIFICADOR INVÁLIDO - 25/01/2023 21:50:12
13105576087 - SEGUNDO DIGITO VERIFICADOR INVÁLIDO - 25/01/2023 21:50:12
11111111111 - ENTRADA INVALIDA (DÍGITOS IGUAIS) - 25/01/2023 21:50:12
00000000000 - ENTRADA INVALIDA (DÍGITOS IGUAIS) - 25/01/2023 21:50:12
13105576086 - SEGUNDO DIGITO VERIFICADOR INVÁLIDO - 25/01/2023 21:50:12
5351854 - NÚMERO DE DÍGITOS INVÁLIDO. 7 (NECESSÁRIO 11) - 26/01/2023 14:50:56
sefsef - CARACTERES INVÁLIDOS. ENTRE APENAS NÚMEROS - 26/01/2023 14:50:56
55818138135 - PRIMEIRO DIGITO VERIFICADOR INVÁLIDO - 26/01/2023 14:50:56
5555 - NÚMERO DE DÍGITOS INVÁLIDO. 4 (NECESSÁRIO 11) - 26/01/2023 15:02:07
535 - NÚMERO DE DÍGITOS INVÁLIDO. 3 (NECESSÁRIO 11) - 26/01/2023 15:06:56
sefsef - CARACTERES INVÁLIDOS. ENTRE APENAS NÚMEROS - 26/01/2023 15:06:56
13589578914 - PRIMEIRO DIGITO VERIFICADOR INVÁLIDO - 26/01/2023 15:06:56
abacate - CARACTERES INVÁLIDOS. ENTRE APENAS NÚMEROS - 26/01/2023 15:14:40
abacate - CARACTERES INVÁLIDOS. ENTRE APENAS NÚMEROS - 26/01/2023 15:16:28
abacate - CARACTERES INVÁLIDOS. ENTRE APENAS NÚMEROS - 26/01/2023 15:17:41
sfseff - CARACTERES INVÁLIDOS. ENTRE APENAS NÚMEROS - 26/01/2023 15:17:41
´~ - CARACTERES INVÁLIDOS. ENTRE APENAS NÚMEROS - 26/01/2023 15:17:41
     - CARACTERES INVÁLIDOS. ENTRE APENAS NÚMEROS - 26/01/2023 15:17:41
         - CARACTERES INVÁLIDOS. ENTRE APENAS NÚMEROS - 26/01/2023 15:17:41
abacate - CARACTERES INVÁLIDOS. ENTRE APENAS NÚMEROS - 26/01/2023 15:17:41
sefefef - CARACTERES INVÁLIDOS. ENTRE APENAS NÚMEROS - 26/01/2023 15:50:26
fesfsef - Caracter(es) INVÁLIDOS. Entre apenas números, "." e "-" . - 26/01/2023 16:26:09
23452345 - Número de dígitos INVÁLIDO: 8 (NECESSÁRIO 11). - 26/01/2023 16:26:09
sfsef - Caracter(es) INVÁLIDOS. Entre apenas números, "." e "-" . - 26/01/2023 17:25:33
3518 - Número de dígitos INVÁLIDO: 4 (NECESSÁRIO 11). - 26/01/2023 17:25:33
12345678901 - Segundo Digito Verificador INVÁLIDO. - 27/01/2023 16:28:35
