abóbora - Caracter(es) INVÁLIDOS. Entre apenas números, "." e "-" . - 30/01/2023 11:12:15
123456789123456789 - Número de dígitos INVÁLIDO: 18 (NECESSÁRIO 11). - 30/01/2023 11:12:24
7 - Número de dígitos INVÁLIDO: 1 (NECESSÁRIO 11). - 30/01/2023 11:12:30
88888888888 - Entrada INVALIDA (DÍGITOS IGUAIS). - 30/01/2023 11:12:37
96314725808 - Primeiro Digito Verificador INVÁLIDO. - 30/01/2023 11:12:49
92006299035 - Segundo Digito Verificador INVÁLIDO. - 30/01/2023 11:13:01
35366439060 - Segundo Digito Verificador INVÁLIDO. - 30/01/2023 12:35:07
35366439060 - Segundo Digito Verificador INVÁLIDO. - 30/01/2023 12:35:16
68752863000 - Segundo Digito Verificador INVÁLIDO. - 30/01/2023 12:38:49
fsefef - Caracter(es) INVÁLIDOS. Entre apenas números, "." e "-" . - 30/01/2023 12:42:59
23452345 - Número de dígitos INVÁLIDO: 8 (NECESSÁRIO 11). - 30/01/2023 12:43:04
23452345345 - Primeiro Digito Verificador INVÁLIDO. - 30/01/2023 12:43:11
<<<<<<< HEAD
58138 - Número de dígitos INVÁLIDO: 5 (NECESSÁRIO 11). - 02/02/2023 16:05:15
3513513 - Número de dígitos INVÁLIDO: 7 (NECESSÁRIO 11). - 02/02/2023 16:08:50
12345678996 - Primeiro Digito Verificador INVÁLIDO. - 02/02/2023 16:09:05
  - Caracter(es) INVÁLIDOS. Entre apenas números, "." e "-" . - 02/02/2023 16:09:33
12345678947 - Primeiro Digito Verificador INVÁLIDO. - 02/02/2023 16:09:42
=======
sefsef - Caracter(es) INVÁLIDOS. Entre apenas números, "." e "-" . - 30/01/2023 19:28:14
>>>>>>> f9ba7a2a34aa591724d924fbd8015e56018ff381
